[2021-04-29 17:33:21,353] {scheduler_job.py:182} INFO - Started process (PID=160) to work on /opt/airflow/dags/dummy_dag.py
[2021-04-29 17:33:21,355] {scheduler_job.py:629} INFO - Processing file /opt/airflow/dags/dummy_dag.py for tasks to queue
[2021-04-29 17:33:21,359] {logging_mixin.py:104} INFO - [2021-04-29 17:33:21,359] {dagbag.py:448} INFO - Filling up the DagBag from /opt/airflow/dags/dummy_dag.py
[2021-04-29 17:33:21,400] {scheduler_job.py:639} INFO - DAG(s) dict_keys(['example_dag']) retrieved from /opt/airflow/dags/dummy_dag.py
[2021-04-29 17:33:21,420] {logging_mixin.py:104} INFO - [2021-04-29 17:33:21,420] {dag.py:1818} INFO - Sync 1 DAGs
[2021-04-29 17:33:21,430] {logging_mixin.py:104} INFO - [2021-04-29 17:33:21,430] {dag.py:1837} INFO - Creating ORM DAG for example_dag
[2021-04-29 17:33:21,437] {logging_mixin.py:104} INFO - [2021-04-29 17:33:21,437] {dag.py:2273} INFO - Setting next_dagrun for example_dag to 2016-01-01T00:00:00+00:00
[2021-04-29 17:33:21,462] {scheduler_job.py:190} INFO - Processing /opt/airflow/dags/dummy_dag.py took 0.112 seconds
[2021-04-29 17:33:51,559] {scheduler_job.py:182} INFO - Started process (PID=165) to work on /opt/airflow/dags/dummy_dag.py
[2021-04-29 17:33:51,562] {scheduler_job.py:629} INFO - Processing file /opt/airflow/dags/dummy_dag.py for tasks to queue
[2021-04-29 17:33:51,563] {logging_mixin.py:104} INFO - [2021-04-29 17:33:51,563] {dagbag.py:448} INFO - Filling up the DagBag from /opt/airflow/dags/dummy_dag.py
[2021-04-29 17:33:51,594] {scheduler_job.py:639} INFO - DAG(s) dict_keys(['example_dag']) retrieved from /opt/airflow/dags/dummy_dag.py
[2021-04-29 17:33:51,636] {logging_mixin.py:104} INFO - [2021-04-29 17:33:51,636] {dag.py:1818} INFO - Sync 1 DAGs
[2021-04-29 17:33:51,674] {logging_mixin.py:104} INFO - [2021-04-29 17:33:51,673] {dag.py:2273} INFO - Setting next_dagrun for example_dag to 2016-01-01T00:00:00+00:00
[2021-04-29 17:33:51,685] {scheduler_job.py:190} INFO - Processing /opt/airflow/dags/dummy_dag.py took 0.129 seconds
[2021-04-29 17:34:21,841] {scheduler_job.py:182} INFO - Started process (PID=170) to work on /opt/airflow/dags/dummy_dag.py
[2021-04-29 17:34:21,843] {scheduler_job.py:629} INFO - Processing file /opt/airflow/dags/dummy_dag.py for tasks to queue
[2021-04-29 17:34:21,845] {logging_mixin.py:104} INFO - [2021-04-29 17:34:21,845] {dagbag.py:448} INFO - Filling up the DagBag from /opt/airflow/dags/dummy_dag.py
[2021-04-29 17:34:21,860] {scheduler_job.py:639} INFO - DAG(s) dict_keys(['example_dag']) retrieved from /opt/airflow/dags/dummy_dag.py
[2021-04-29 17:34:21,891] {logging_mixin.py:104} INFO - [2021-04-29 17:34:21,891] {dag.py:1818} INFO - Sync 1 DAGs
[2021-04-29 17:34:21,917] {logging_mixin.py:104} INFO - [2021-04-29 17:34:21,917] {dag.py:2273} INFO - Setting next_dagrun for example_dag to 2016-01-01T00:00:00+00:00
[2021-04-29 17:34:21,929] {scheduler_job.py:190} INFO - Processing /opt/airflow/dags/dummy_dag.py took 0.093 seconds
[2021-04-29 17:34:52,027] {scheduler_job.py:182} INFO - Started process (PID=175) to work on /opt/airflow/dags/dummy_dag.py
[2021-04-29 17:34:52,029] {scheduler_job.py:629} INFO - Processing file /opt/airflow/dags/dummy_dag.py for tasks to queue
[2021-04-29 17:34:52,031] {logging_mixin.py:104} INFO - [2021-04-29 17:34:52,031] {dagbag.py:448} INFO - Filling up the DagBag from /opt/airflow/dags/dummy_dag.py
[2021-04-29 17:34:52,048] {scheduler_job.py:639} INFO - DAG(s) dict_keys(['example_dag']) retrieved from /opt/airflow/dags/dummy_dag.py
[2021-04-29 17:34:52,075] {logging_mixin.py:104} INFO - [2021-04-29 17:34:52,075] {dag.py:1818} INFO - Sync 1 DAGs
[2021-04-29 17:34:52,092] {logging_mixin.py:104} INFO - [2021-04-29 17:34:52,092] {dag.py:2273} INFO - Setting next_dagrun for example_dag to 2016-01-01T00:00:00+00:00
[2021-04-29 17:34:52,101] {scheduler_job.py:190} INFO - Processing /opt/airflow/dags/dummy_dag.py took 0.078 seconds
[2021-04-29 17:35:22,198] {scheduler_job.py:182} INFO - Started process (PID=180) to work on /opt/airflow/dags/dummy_dag.py
[2021-04-29 17:35:22,200] {scheduler_job.py:629} INFO - Processing file /opt/airflow/dags/dummy_dag.py for tasks to queue
[2021-04-29 17:35:22,202] {logging_mixin.py:104} INFO - [2021-04-29 17:35:22,201] {dagbag.py:448} INFO - Filling up the DagBag from /opt/airflow/dags/dummy_dag.py
[2021-04-29 17:35:22,216] {scheduler_job.py:639} INFO - DAG(s) dict_keys(['example_dag']) retrieved from /opt/airflow/dags/dummy_dag.py
[2021-04-29 17:35:22,239] {logging_mixin.py:104} INFO - [2021-04-29 17:35:22,239] {dag.py:1818} INFO - Sync 1 DAGs
[2021-04-29 17:35:22,256] {logging_mixin.py:104} INFO - [2021-04-29 17:35:22,256] {dag.py:2273} INFO - Setting next_dagrun for example_dag to 2016-01-01T00:00:00+00:00
[2021-04-29 17:35:22,265] {scheduler_job.py:190} INFO - Processing /opt/airflow/dags/dummy_dag.py took 0.070 seconds
[2021-04-29 17:35:52,316] {scheduler_job.py:182} INFO - Started process (PID=185) to work on /opt/airflow/dags/dummy_dag.py
[2021-04-29 17:35:52,319] {scheduler_job.py:629} INFO - Processing file /opt/airflow/dags/dummy_dag.py for tasks to queue
[2021-04-29 17:35:52,320] {logging_mixin.py:104} INFO - [2021-04-29 17:35:52,320] {dagbag.py:448} INFO - Filling up the DagBag from /opt/airflow/dags/dummy_dag.py
[2021-04-29 17:35:52,340] {scheduler_job.py:639} INFO - DAG(s) dict_keys(['example_dag']) retrieved from /opt/airflow/dags/dummy_dag.py
[2021-04-29 17:35:52,373] {logging_mixin.py:104} INFO - [2021-04-29 17:35:52,373] {dag.py:1818} INFO - Sync 1 DAGs
[2021-04-29 17:35:52,390] {logging_mixin.py:104} INFO - [2021-04-29 17:35:52,390] {dag.py:2273} INFO - Setting next_dagrun for example_dag to 2016-01-01T00:00:00+00:00
[2021-04-29 17:35:52,400] {scheduler_job.py:190} INFO - Processing /opt/airflow/dags/dummy_dag.py took 0.091 seconds
[2021-04-29 17:36:22,526] {scheduler_job.py:182} INFO - Started process (PID=190) to work on /opt/airflow/dags/dummy_dag.py
[2021-04-29 17:36:22,529] {scheduler_job.py:629} INFO - Processing file /opt/airflow/dags/dummy_dag.py for tasks to queue
[2021-04-29 17:36:22,532] {logging_mixin.py:104} INFO - [2021-04-29 17:36:22,532] {dagbag.py:448} INFO - Filling up the DagBag from /opt/airflow/dags/dummy_dag.py
[2021-04-29 17:36:22,552] {scheduler_job.py:639} INFO - DAG(s) dict_keys(['example_dag']) retrieved from /opt/airflow/dags/dummy_dag.py
[2021-04-29 17:36:22,578] {logging_mixin.py:104} INFO - [2021-04-29 17:36:22,578] {dag.py:1818} INFO - Sync 1 DAGs
[2021-04-29 17:36:22,593] {logging_mixin.py:104} INFO - [2021-04-29 17:36:22,593] {dag.py:2273} INFO - Setting next_dagrun for example_dag to 2016-01-01T00:00:00+00:00
[2021-04-29 17:36:22,602] {scheduler_job.py:190} INFO - Processing /opt/airflow/dags/dummy_dag.py took 0.085 seconds
[2021-04-29 17:36:52,692] {scheduler_job.py:182} INFO - Started process (PID=195) to work on /opt/airflow/dags/dummy_dag.py
[2021-04-29 17:36:52,693] {scheduler_job.py:629} INFO - Processing file /opt/airflow/dags/dummy_dag.py for tasks to queue
[2021-04-29 17:36:52,695] {logging_mixin.py:104} INFO - [2021-04-29 17:36:52,695] {dagbag.py:448} INFO - Filling up the DagBag from /opt/airflow/dags/dummy_dag.py
[2021-04-29 17:36:52,711] {scheduler_job.py:639} INFO - DAG(s) dict_keys(['example_dag']) retrieved from /opt/airflow/dags/dummy_dag.py
[2021-04-29 17:36:52,735] {logging_mixin.py:104} INFO - [2021-04-29 17:36:52,735] {dag.py:1818} INFO - Sync 1 DAGs
[2021-04-29 17:36:52,750] {logging_mixin.py:104} INFO - [2021-04-29 17:36:52,750] {dag.py:2273} INFO - Setting next_dagrun for example_dag to 2016-01-01T00:00:00+00:00
[2021-04-29 17:36:52,759] {scheduler_job.py:190} INFO - Processing /opt/airflow/dags/dummy_dag.py took 0.071 seconds
[2021-04-29 17:37:22,862] {scheduler_job.py:182} INFO - Started process (PID=200) to work on /opt/airflow/dags/dummy_dag.py
[2021-04-29 17:37:22,864] {scheduler_job.py:629} INFO - Processing file /opt/airflow/dags/dummy_dag.py for tasks to queue
[2021-04-29 17:37:22,866] {logging_mixin.py:104} INFO - [2021-04-29 17:37:22,865] {dagbag.py:448} INFO - Filling up the DagBag from /opt/airflow/dags/dummy_dag.py
[2021-04-29 17:37:22,882] {scheduler_job.py:639} INFO - DAG(s) dict_keys(['example_dag']) retrieved from /opt/airflow/dags/dummy_dag.py
[2021-04-29 17:37:22,906] {logging_mixin.py:104} INFO - [2021-04-29 17:37:22,906] {dag.py:1818} INFO - Sync 1 DAGs
[2021-04-29 17:37:22,924] {logging_mixin.py:104} INFO - [2021-04-29 17:37:22,924] {dag.py:2273} INFO - Setting next_dagrun for example_dag to 2016-01-01T00:00:00+00:00
[2021-04-29 17:37:22,938] {scheduler_job.py:190} INFO - Processing /opt/airflow/dags/dummy_dag.py took 0.079 seconds
[2021-04-29 17:37:53,022] {scheduler_job.py:182} INFO - Started process (PID=205) to work on /opt/airflow/dags/dummy_dag.py
[2021-04-29 17:37:53,025] {scheduler_job.py:629} INFO - Processing file /opt/airflow/dags/dummy_dag.py for tasks to queue
[2021-04-29 17:37:53,026] {logging_mixin.py:104} INFO - [2021-04-29 17:37:53,026] {dagbag.py:448} INFO - Filling up the DagBag from /opt/airflow/dags/dummy_dag.py
[2021-04-29 17:37:53,044] {scheduler_job.py:639} INFO - DAG(s) dict_keys(['example_dag']) retrieved from /opt/airflow/dags/dummy_dag.py
[2021-04-29 17:37:53,065] {logging_mixin.py:104} INFO - [2021-04-29 17:37:53,065] {dag.py:1818} INFO - Sync 1 DAGs
[2021-04-29 17:37:53,084] {logging_mixin.py:104} INFO - [2021-04-29 17:37:53,084] {dag.py:2273} INFO - Setting next_dagrun for example_dag to 2016-01-01T00:00:00+00:00
[2021-04-29 17:37:53,093] {scheduler_job.py:190} INFO - Processing /opt/airflow/dags/dummy_dag.py took 0.082 seconds
[2021-04-29 17:38:23,201] {scheduler_job.py:182} INFO - Started process (PID=210) to work on /opt/airflow/dags/dummy_dag.py
[2021-04-29 17:38:23,203] {scheduler_job.py:629} INFO - Processing file /opt/airflow/dags/dummy_dag.py for tasks to queue
[2021-04-29 17:38:23,205] {logging_mixin.py:104} INFO - [2021-04-29 17:38:23,205] {dagbag.py:448} INFO - Filling up the DagBag from /opt/airflow/dags/dummy_dag.py
[2021-04-29 17:38:23,221] {scheduler_job.py:639} INFO - DAG(s) dict_keys(['example_dag']) retrieved from /opt/airflow/dags/dummy_dag.py
[2021-04-29 17:38:23,259] {logging_mixin.py:104} INFO - [2021-04-29 17:38:23,259] {dag.py:1818} INFO - Sync 1 DAGs
[2021-04-29 17:38:23,278] {logging_mixin.py:104} INFO - [2021-04-29 17:38:23,278] {dag.py:2273} INFO - Setting next_dagrun for example_dag to 2016-01-01T00:00:00+00:00
[2021-04-29 17:38:23,289] {scheduler_job.py:190} INFO - Processing /opt/airflow/dags/dummy_dag.py took 0.092 seconds
[2021-04-29 17:38:53,357] {scheduler_job.py:182} INFO - Started process (PID=215) to work on /opt/airflow/dags/dummy_dag.py
[2021-04-29 17:38:53,362] {scheduler_job.py:629} INFO - Processing file /opt/airflow/dags/dummy_dag.py for tasks to queue
[2021-04-29 17:38:53,364] {logging_mixin.py:104} INFO - [2021-04-29 17:38:53,363] {dagbag.py:448} INFO - Filling up the DagBag from /opt/airflow/dags/dummy_dag.py
[2021-04-29 17:38:53,385] {scheduler_job.py:639} INFO - DAG(s) dict_keys(['example_dag']) retrieved from /opt/airflow/dags/dummy_dag.py
[2021-04-29 17:38:53,407] {logging_mixin.py:104} INFO - [2021-04-29 17:38:53,406] {dag.py:1818} INFO - Sync 1 DAGs
[2021-04-29 17:38:53,421] {logging_mixin.py:104} INFO - [2021-04-29 17:38:53,421] {dag.py:2273} INFO - Setting next_dagrun for example_dag to 2016-01-01T00:00:00+00:00
[2021-04-29 17:38:53,430] {scheduler_job.py:190} INFO - Processing /opt/airflow/dags/dummy_dag.py took 0.076 seconds
[2021-04-29 17:39:23,567] {scheduler_job.py:182} INFO - Started process (PID=220) to work on /opt/airflow/dags/dummy_dag.py
[2021-04-29 17:39:23,570] {scheduler_job.py:629} INFO - Processing file /opt/airflow/dags/dummy_dag.py for tasks to queue
[2021-04-29 17:39:23,572] {logging_mixin.py:104} INFO - [2021-04-29 17:39:23,572] {dagbag.py:448} INFO - Filling up the DagBag from /opt/airflow/dags/dummy_dag.py
[2021-04-29 17:39:23,587] {scheduler_job.py:639} INFO - DAG(s) dict_keys(['example_dag']) retrieved from /opt/airflow/dags/dummy_dag.py
[2021-04-29 17:39:23,609] {logging_mixin.py:104} INFO - [2021-04-29 17:39:23,609] {dag.py:1818} INFO - Sync 1 DAGs
[2021-04-29 17:39:23,627] {logging_mixin.py:104} INFO - [2021-04-29 17:39:23,627] {dag.py:2273} INFO - Setting next_dagrun for example_dag to 2016-01-01T00:00:00+00:00
[2021-04-29 17:39:23,637] {scheduler_job.py:190} INFO - Processing /opt/airflow/dags/dummy_dag.py took 0.074 seconds
[2021-04-29 17:39:53,727] {scheduler_job.py:182} INFO - Started process (PID=225) to work on /opt/airflow/dags/dummy_dag.py
[2021-04-29 17:39:53,729] {scheduler_job.py:629} INFO - Processing file /opt/airflow/dags/dummy_dag.py for tasks to queue
[2021-04-29 17:39:53,731] {logging_mixin.py:104} INFO - [2021-04-29 17:39:53,730] {dagbag.py:448} INFO - Filling up the DagBag from /opt/airflow/dags/dummy_dag.py
[2021-04-29 17:39:53,748] {scheduler_job.py:639} INFO - DAG(s) dict_keys(['example_dag']) retrieved from /opt/airflow/dags/dummy_dag.py
[2021-04-29 17:39:53,773] {logging_mixin.py:104} INFO - [2021-04-29 17:39:53,773] {dag.py:1818} INFO - Sync 1 DAGs
[2021-04-29 17:39:53,788] {logging_mixin.py:104} INFO - [2021-04-29 17:39:53,788] {dag.py:2273} INFO - Setting next_dagrun for example_dag to 2016-01-01T00:00:00+00:00
[2021-04-29 17:39:53,799] {scheduler_job.py:190} INFO - Processing /opt/airflow/dags/dummy_dag.py took 0.075 seconds
[2021-04-29 17:40:23,925] {scheduler_job.py:182} INFO - Started process (PID=230) to work on /opt/airflow/dags/dummy_dag.py
[2021-04-29 17:40:23,928] {scheduler_job.py:629} INFO - Processing file /opt/airflow/dags/dummy_dag.py for tasks to queue
[2021-04-29 17:40:23,930] {logging_mixin.py:104} INFO - [2021-04-29 17:40:23,930] {dagbag.py:448} INFO - Filling up the DagBag from /opt/airflow/dags/dummy_dag.py
[2021-04-29 17:40:23,953] {scheduler_job.py:639} INFO - DAG(s) dict_keys(['example_dag']) retrieved from /opt/airflow/dags/dummy_dag.py
[2021-04-29 17:40:23,983] {logging_mixin.py:104} INFO - [2021-04-29 17:40:23,983] {dag.py:1818} INFO - Sync 1 DAGs
[2021-04-29 17:40:24,004] {logging_mixin.py:104} INFO - [2021-04-29 17:40:24,004] {dag.py:2273} INFO - Setting next_dagrun for example_dag to 2016-01-01T00:00:00+00:00
[2021-04-29 17:40:24,025] {scheduler_job.py:190} INFO - Processing /opt/airflow/dags/dummy_dag.py took 0.104 seconds
[2021-04-29 17:40:54,095] {scheduler_job.py:182} INFO - Started process (PID=235) to work on /opt/airflow/dags/dummy_dag.py
[2021-04-29 17:40:54,098] {scheduler_job.py:629} INFO - Processing file /opt/airflow/dags/dummy_dag.py for tasks to queue
[2021-04-29 17:40:54,101] {logging_mixin.py:104} INFO - [2021-04-29 17:40:54,101] {dagbag.py:448} INFO - Filling up the DagBag from /opt/airflow/dags/dummy_dag.py
[2021-04-29 17:40:54,120] {scheduler_job.py:639} INFO - DAG(s) dict_keys(['example_dag']) retrieved from /opt/airflow/dags/dummy_dag.py
[2021-04-29 17:40:54,144] {logging_mixin.py:104} INFO - [2021-04-29 17:40:54,144] {dag.py:1818} INFO - Sync 1 DAGs
[2021-04-29 17:40:54,161] {logging_mixin.py:104} INFO - [2021-04-29 17:40:54,161] {dag.py:2273} INFO - Setting next_dagrun for example_dag to 2016-01-01T00:00:00+00:00
[2021-04-29 17:40:54,172] {scheduler_job.py:190} INFO - Processing /opt/airflow/dags/dummy_dag.py took 0.080 seconds
[2021-04-29 17:41:24,320] {scheduler_job.py:182} INFO - Started process (PID=240) to work on /opt/airflow/dags/dummy_dag.py
[2021-04-29 17:41:24,323] {scheduler_job.py:629} INFO - Processing file /opt/airflow/dags/dummy_dag.py for tasks to queue
[2021-04-29 17:41:24,325] {logging_mixin.py:104} INFO - [2021-04-29 17:41:24,325] {dagbag.py:448} INFO - Filling up the DagBag from /opt/airflow/dags/dummy_dag.py
[2021-04-29 17:41:24,350] {scheduler_job.py:639} INFO - DAG(s) dict_keys(['example_dag']) retrieved from /opt/airflow/dags/dummy_dag.py
[2021-04-29 17:41:24,386] {logging_mixin.py:104} INFO - [2021-04-29 17:41:24,386] {dag.py:1818} INFO - Sync 1 DAGs
[2021-04-29 17:41:24,414] {logging_mixin.py:104} INFO - [2021-04-29 17:41:24,414] {dag.py:2273} INFO - Setting next_dagrun for example_dag to 2016-01-01T00:00:00+00:00
[2021-04-29 17:41:24,430] {scheduler_job.py:190} INFO - Processing /opt/airflow/dags/dummy_dag.py took 0.114 seconds
[2021-04-29 17:41:54,565] {scheduler_job.py:182} INFO - Started process (PID=245) to work on /opt/airflow/dags/dummy_dag.py
[2021-04-29 17:41:54,569] {scheduler_job.py:629} INFO - Processing file /opt/airflow/dags/dummy_dag.py for tasks to queue
[2021-04-29 17:41:54,571] {logging_mixin.py:104} INFO - [2021-04-29 17:41:54,571] {dagbag.py:448} INFO - Filling up the DagBag from /opt/airflow/dags/dummy_dag.py
[2021-04-29 17:41:54,589] {scheduler_job.py:639} INFO - DAG(s) dict_keys(['example_dag']) retrieved from /opt/airflow/dags/dummy_dag.py
[2021-04-29 17:41:54,610] {logging_mixin.py:104} INFO - [2021-04-29 17:41:54,610] {dag.py:1818} INFO - Sync 1 DAGs
[2021-04-29 17:41:54,626] {logging_mixin.py:104} INFO - [2021-04-29 17:41:54,626] {dag.py:2273} INFO - Setting next_dagrun for example_dag to 2016-01-01T00:00:00+00:00
[2021-04-29 17:41:54,635] {scheduler_job.py:190} INFO - Processing /opt/airflow/dags/dummy_dag.py took 0.075 seconds
[2021-04-29 17:42:24,732] {scheduler_job.py:182} INFO - Started process (PID=250) to work on /opt/airflow/dags/dummy_dag.py
[2021-04-29 17:42:24,734] {scheduler_job.py:629} INFO - Processing file /opt/airflow/dags/dummy_dag.py for tasks to queue
[2021-04-29 17:42:24,736] {logging_mixin.py:104} INFO - [2021-04-29 17:42:24,736] {dagbag.py:448} INFO - Filling up the DagBag from /opt/airflow/dags/dummy_dag.py
[2021-04-29 17:42:24,756] {scheduler_job.py:639} INFO - DAG(s) dict_keys(['example_dag']) retrieved from /opt/airflow/dags/dummy_dag.py
[2021-04-29 17:42:24,784] {logging_mixin.py:104} INFO - [2021-04-29 17:42:24,784] {dag.py:1818} INFO - Sync 1 DAGs
[2021-04-29 17:42:24,806] {logging_mixin.py:104} INFO - [2021-04-29 17:42:24,806] {dag.py:2273} INFO - Setting next_dagrun for example_dag to 2016-01-01T00:00:00+00:00
[2021-04-29 17:42:24,818] {scheduler_job.py:190} INFO - Processing /opt/airflow/dags/dummy_dag.py took 0.090 seconds
[2021-04-29 17:42:54,887] {scheduler_job.py:182} INFO - Started process (PID=255) to work on /opt/airflow/dags/dummy_dag.py
[2021-04-29 17:42:54,889] {scheduler_job.py:629} INFO - Processing file /opt/airflow/dags/dummy_dag.py for tasks to queue
[2021-04-29 17:42:54,892] {logging_mixin.py:104} INFO - [2021-04-29 17:42:54,891] {dagbag.py:448} INFO - Filling up the DagBag from /opt/airflow/dags/dummy_dag.py
[2021-04-29 17:42:54,910] {scheduler_job.py:639} INFO - DAG(s) dict_keys(['example_dag']) retrieved from /opt/airflow/dags/dummy_dag.py
[2021-04-29 17:42:54,939] {logging_mixin.py:104} INFO - [2021-04-29 17:42:54,939] {dag.py:1818} INFO - Sync 1 DAGs
[2021-04-29 17:42:54,961] {logging_mixin.py:104} INFO - [2021-04-29 17:42:54,961] {dag.py:2273} INFO - Setting next_dagrun for example_dag to 2016-01-01T00:00:00+00:00
[2021-04-29 17:42:54,975] {scheduler_job.py:190} INFO - Processing /opt/airflow/dags/dummy_dag.py took 0.091 seconds
[2021-04-29 17:47:51,464] {scheduler_job.py:182} INFO - Started process (PID=158) to work on /opt/airflow/dags/dummy_dag.py
[2021-04-29 17:47:51,466] {scheduler_job.py:629} INFO - Processing file /opt/airflow/dags/dummy_dag.py for tasks to queue
[2021-04-29 17:47:51,469] {logging_mixin.py:104} INFO - [2021-04-29 17:47:51,468] {dagbag.py:448} INFO - Filling up the DagBag from /opt/airflow/dags/dummy_dag.py
[2021-04-29 17:47:51,515] {scheduler_job.py:639} INFO - DAG(s) dict_keys(['example_dag']) retrieved from /opt/airflow/dags/dummy_dag.py
[2021-04-29 17:47:51,548] {logging_mixin.py:104} INFO - [2021-04-29 17:47:51,548] {dag.py:1818} INFO - Sync 1 DAGs
[2021-04-29 17:47:51,564] {logging_mixin.py:104} INFO - [2021-04-29 17:47:51,564] {dag.py:1837} INFO - Creating ORM DAG for example_dag
[2021-04-29 17:47:51,574] {logging_mixin.py:104} INFO - [2021-04-29 17:47:51,573] {dag.py:2273} INFO - Setting next_dagrun for example_dag to 2016-01-01T00:00:00+00:00
[2021-04-29 17:47:51,594] {scheduler_job.py:190} INFO - Processing /opt/airflow/dags/dummy_dag.py took 0.134 seconds
[2021-04-29 17:48:21,663] {scheduler_job.py:182} INFO - Started process (PID=163) to work on /opt/airflow/dags/dummy_dag.py
[2021-04-29 17:48:21,666] {scheduler_job.py:629} INFO - Processing file /opt/airflow/dags/dummy_dag.py for tasks to queue
[2021-04-29 17:48:21,667] {logging_mixin.py:104} INFO - [2021-04-29 17:48:21,667] {dagbag.py:448} INFO - Filling up the DagBag from /opt/airflow/dags/dummy_dag.py
[2021-04-29 17:48:21,700] {scheduler_job.py:639} INFO - DAG(s) dict_keys(['example_dag']) retrieved from /opt/airflow/dags/dummy_dag.py
[2021-04-29 17:48:21,727] {logging_mixin.py:104} INFO - [2021-04-29 17:48:21,727] {dag.py:1818} INFO - Sync 1 DAGs
[2021-04-29 17:48:21,746] {logging_mixin.py:104} INFO - [2021-04-29 17:48:21,746] {dag.py:2273} INFO - Setting next_dagrun for example_dag to 2016-01-01T00:00:00+00:00
[2021-04-29 17:48:21,761] {scheduler_job.py:190} INFO - Processing /opt/airflow/dags/dummy_dag.py took 0.102 seconds
[2021-04-29 17:48:51,866] {scheduler_job.py:182} INFO - Started process (PID=168) to work on /opt/airflow/dags/dummy_dag.py
[2021-04-29 17:48:51,869] {scheduler_job.py:629} INFO - Processing file /opt/airflow/dags/dummy_dag.py for tasks to queue
[2021-04-29 17:48:51,871] {logging_mixin.py:104} INFO - [2021-04-29 17:48:51,871] {dagbag.py:448} INFO - Filling up the DagBag from /opt/airflow/dags/dummy_dag.py
[2021-04-29 17:48:51,894] {scheduler_job.py:639} INFO - DAG(s) dict_keys(['example_dag']) retrieved from /opt/airflow/dags/dummy_dag.py
[2021-04-29 17:48:51,928] {logging_mixin.py:104} INFO - [2021-04-29 17:48:51,927] {dag.py:1818} INFO - Sync 1 DAGs
[2021-04-29 17:48:51,947] {logging_mixin.py:104} INFO - [2021-04-29 17:48:51,947] {dag.py:2273} INFO - Setting next_dagrun for example_dag to 2016-01-01T00:00:00+00:00
[2021-04-29 17:48:51,959] {scheduler_job.py:190} INFO - Processing /opt/airflow/dags/dummy_dag.py took 0.096 seconds
[2021-04-29 17:49:22,003] {scheduler_job.py:182} INFO - Started process (PID=173) to work on /opt/airflow/dags/dummy_dag.py
[2021-04-29 17:49:22,007] {scheduler_job.py:629} INFO - Processing file /opt/airflow/dags/dummy_dag.py for tasks to queue
[2021-04-29 17:49:22,010] {logging_mixin.py:104} INFO - [2021-04-29 17:49:22,009] {dagbag.py:448} INFO - Filling up the DagBag from /opt/airflow/dags/dummy_dag.py
[2021-04-29 17:49:22,034] {scheduler_job.py:639} INFO - DAG(s) dict_keys(['example_dag']) retrieved from /opt/airflow/dags/dummy_dag.py
[2021-04-29 17:49:22,072] {logging_mixin.py:104} INFO - [2021-04-29 17:49:22,072] {dag.py:1818} INFO - Sync 1 DAGs
[2021-04-29 17:49:22,105] {logging_mixin.py:104} INFO - [2021-04-29 17:49:22,104] {dag.py:2273} INFO - Setting next_dagrun for example_dag to 2016-01-01T00:00:00+00:00
[2021-04-29 17:49:22,115] {scheduler_job.py:190} INFO - Processing /opt/airflow/dags/dummy_dag.py took 0.115 seconds
[2021-04-29 17:49:52,284] {scheduler_job.py:182} INFO - Started process (PID=178) to work on /opt/airflow/dags/dummy_dag.py
[2021-04-29 17:49:52,286] {scheduler_job.py:629} INFO - Processing file /opt/airflow/dags/dummy_dag.py for tasks to queue
[2021-04-29 17:49:52,287] {logging_mixin.py:104} INFO - [2021-04-29 17:49:52,287] {dagbag.py:448} INFO - Filling up the DagBag from /opt/airflow/dags/dummy_dag.py
[2021-04-29 17:49:52,302] {scheduler_job.py:639} INFO - DAG(s) dict_keys(['example_dag']) retrieved from /opt/airflow/dags/dummy_dag.py
[2021-04-29 17:49:52,326] {logging_mixin.py:104} INFO - [2021-04-29 17:49:52,326] {dag.py:1818} INFO - Sync 1 DAGs
[2021-04-29 17:49:52,345] {logging_mixin.py:104} INFO - [2021-04-29 17:49:52,345] {dag.py:2273} INFO - Setting next_dagrun for example_dag to 2016-01-01T00:00:00+00:00
[2021-04-29 17:49:52,356] {scheduler_job.py:190} INFO - Processing /opt/airflow/dags/dummy_dag.py took 0.075 seconds
[2021-04-29 17:50:22,433] {scheduler_job.py:182} INFO - Started process (PID=183) to work on /opt/airflow/dags/dummy_dag.py
[2021-04-29 17:50:22,435] {scheduler_job.py:629} INFO - Processing file /opt/airflow/dags/dummy_dag.py for tasks to queue
[2021-04-29 17:50:22,438] {logging_mixin.py:104} INFO - [2021-04-29 17:50:22,437] {dagbag.py:448} INFO - Filling up the DagBag from /opt/airflow/dags/dummy_dag.py
[2021-04-29 17:50:22,455] {scheduler_job.py:639} INFO - DAG(s) dict_keys(['example_dag']) retrieved from /opt/airflow/dags/dummy_dag.py
[2021-04-29 17:50:22,481] {logging_mixin.py:104} INFO - [2021-04-29 17:50:22,481] {dag.py:1818} INFO - Sync 1 DAGs
[2021-04-29 17:50:22,498] {logging_mixin.py:104} INFO - [2021-04-29 17:50:22,498] {dag.py:2273} INFO - Setting next_dagrun for example_dag to 2016-01-01T00:00:00+00:00
[2021-04-29 17:50:22,510] {scheduler_job.py:190} INFO - Processing /opt/airflow/dags/dummy_dag.py took 0.081 seconds
[2021-04-29 17:50:52,590] {scheduler_job.py:182} INFO - Started process (PID=188) to work on /opt/airflow/dags/dummy_dag.py
[2021-04-29 17:50:52,593] {scheduler_job.py:629} INFO - Processing file /opt/airflow/dags/dummy_dag.py for tasks to queue
[2021-04-29 17:50:52,595] {logging_mixin.py:104} INFO - [2021-04-29 17:50:52,595] {dagbag.py:448} INFO - Filling up the DagBag from /opt/airflow/dags/dummy_dag.py
[2021-04-29 17:50:52,625] {scheduler_job.py:639} INFO - DAG(s) dict_keys(['example_dag']) retrieved from /opt/airflow/dags/dummy_dag.py
[2021-04-29 17:50:52,652] {logging_mixin.py:104} INFO - [2021-04-29 17:50:52,652] {dag.py:1818} INFO - Sync 1 DAGs
[2021-04-29 17:50:52,668] {logging_mixin.py:104} INFO - [2021-04-29 17:50:52,668] {dag.py:2273} INFO - Setting next_dagrun for example_dag to 2016-01-01T00:00:00+00:00
[2021-04-29 17:50:52,679] {scheduler_job.py:190} INFO - Processing /opt/airflow/dags/dummy_dag.py took 0.093 seconds
[2021-04-29 17:51:22,766] {scheduler_job.py:182} INFO - Started process (PID=193) to work on /opt/airflow/dags/dummy_dag.py
[2021-04-29 17:51:22,768] {scheduler_job.py:629} INFO - Processing file /opt/airflow/dags/dummy_dag.py for tasks to queue
[2021-04-29 17:51:22,769] {logging_mixin.py:104} INFO - [2021-04-29 17:51:22,769] {dagbag.py:448} INFO - Filling up the DagBag from /opt/airflow/dags/dummy_dag.py
[2021-04-29 17:51:22,788] {scheduler_job.py:639} INFO - DAG(s) dict_keys(['example_dag']) retrieved from /opt/airflow/dags/dummy_dag.py
[2021-04-29 17:51:22,826] {logging_mixin.py:104} INFO - [2021-04-29 17:51:22,826] {dag.py:1818} INFO - Sync 1 DAGs
[2021-04-29 17:51:22,847] {logging_mixin.py:104} INFO - [2021-04-29 17:51:22,846] {dag.py:2273} INFO - Setting next_dagrun for example_dag to 2016-01-01T00:00:00+00:00
[2021-04-29 17:51:22,856] {scheduler_job.py:190} INFO - Processing /opt/airflow/dags/dummy_dag.py took 0.094 seconds
[2021-04-29 17:51:52,963] {scheduler_job.py:182} INFO - Started process (PID=198) to work on /opt/airflow/dags/dummy_dag.py
[2021-04-29 17:51:52,966] {scheduler_job.py:629} INFO - Processing file /opt/airflow/dags/dummy_dag.py for tasks to queue
[2021-04-29 17:51:52,969] {logging_mixin.py:104} INFO - [2021-04-29 17:51:52,968] {dagbag.py:448} INFO - Filling up the DagBag from /opt/airflow/dags/dummy_dag.py
[2021-04-29 17:51:52,989] {scheduler_job.py:639} INFO - DAG(s) dict_keys(['example_dag']) retrieved from /opt/airflow/dags/dummy_dag.py
[2021-04-29 17:51:53,018] {logging_mixin.py:104} INFO - [2021-04-29 17:51:53,018] {dag.py:1818} INFO - Sync 1 DAGs
[2021-04-29 17:51:53,042] {logging_mixin.py:104} INFO - [2021-04-29 17:51:53,042] {dag.py:2273} INFO - Setting next_dagrun for example_dag to 2016-01-01T00:00:00+00:00
[2021-04-29 17:51:53,057] {scheduler_job.py:190} INFO - Processing /opt/airflow/dags/dummy_dag.py took 0.098 seconds
[2021-04-29 17:52:23,156] {scheduler_job.py:182} INFO - Started process (PID=203) to work on /opt/airflow/dags/dummy_dag.py
[2021-04-29 17:52:23,158] {scheduler_job.py:629} INFO - Processing file /opt/airflow/dags/dummy_dag.py for tasks to queue
[2021-04-29 17:52:23,160] {logging_mixin.py:104} INFO - [2021-04-29 17:52:23,160] {dagbag.py:448} INFO - Filling up the DagBag from /opt/airflow/dags/dummy_dag.py
[2021-04-29 17:52:23,179] {scheduler_job.py:639} INFO - DAG(s) dict_keys(['example_dag']) retrieved from /opt/airflow/dags/dummy_dag.py
[2021-04-29 17:52:23,203] {logging_mixin.py:104} INFO - [2021-04-29 17:52:23,203] {dag.py:1818} INFO - Sync 1 DAGs
[2021-04-29 17:52:23,219] {logging_mixin.py:104} INFO - [2021-04-29 17:52:23,218] {dag.py:2273} INFO - Setting next_dagrun for example_dag to 2016-01-01T00:00:00+00:00
[2021-04-29 17:52:23,228] {scheduler_job.py:190} INFO - Processing /opt/airflow/dags/dummy_dag.py took 0.076 seconds
[2021-04-29 17:52:53,347] {scheduler_job.py:182} INFO - Started process (PID=208) to work on /opt/airflow/dags/dummy_dag.py
[2021-04-29 17:52:53,349] {scheduler_job.py:629} INFO - Processing file /opt/airflow/dags/dummy_dag.py for tasks to queue
[2021-04-29 17:52:53,351] {logging_mixin.py:104} INFO - [2021-04-29 17:52:53,351] {dagbag.py:448} INFO - Filling up the DagBag from /opt/airflow/dags/dummy_dag.py
[2021-04-29 17:52:53,369] {scheduler_job.py:639} INFO - DAG(s) dict_keys(['example_dag']) retrieved from /opt/airflow/dags/dummy_dag.py
[2021-04-29 17:52:53,390] {logging_mixin.py:104} INFO - [2021-04-29 17:52:53,390] {dag.py:1818} INFO - Sync 1 DAGs
[2021-04-29 17:52:53,407] {logging_mixin.py:104} INFO - [2021-04-29 17:52:53,407] {dag.py:2273} INFO - Setting next_dagrun for example_dag to 2016-01-01T00:00:00+00:00
[2021-04-29 17:52:53,419] {scheduler_job.py:190} INFO - Processing /opt/airflow/dags/dummy_dag.py took 0.076 seconds
[2021-04-29 17:53:23,497] {scheduler_job.py:182} INFO - Started process (PID=213) to work on /opt/airflow/dags/dummy_dag.py
[2021-04-29 17:53:23,502] {scheduler_job.py:629} INFO - Processing file /opt/airflow/dags/dummy_dag.py for tasks to queue
[2021-04-29 17:53:23,503] {logging_mixin.py:104} INFO - [2021-04-29 17:53:23,503] {dagbag.py:448} INFO - Filling up the DagBag from /opt/airflow/dags/dummy_dag.py
[2021-04-29 17:53:23,521] {scheduler_job.py:639} INFO - DAG(s) dict_keys(['example_dag']) retrieved from /opt/airflow/dags/dummy_dag.py
[2021-04-29 17:53:23,544] {logging_mixin.py:104} INFO - [2021-04-29 17:53:23,544] {dag.py:1818} INFO - Sync 1 DAGs
[2021-04-29 17:53:23,562] {logging_mixin.py:104} INFO - [2021-04-29 17:53:23,562] {dag.py:2273} INFO - Setting next_dagrun for example_dag to 2016-01-01T00:00:00+00:00
[2021-04-29 17:53:23,573] {scheduler_job.py:190} INFO - Processing /opt/airflow/dags/dummy_dag.py took 0.080 seconds
[2021-04-29 17:53:53,645] {scheduler_job.py:182} INFO - Started process (PID=218) to work on /opt/airflow/dags/dummy_dag.py
[2021-04-29 17:53:53,647] {scheduler_job.py:629} INFO - Processing file /opt/airflow/dags/dummy_dag.py for tasks to queue
[2021-04-29 17:53:53,649] {logging_mixin.py:104} INFO - [2021-04-29 17:53:53,649] {dagbag.py:448} INFO - Filling up the DagBag from /opt/airflow/dags/dummy_dag.py
[2021-04-29 17:53:53,674] {scheduler_job.py:639} INFO - DAG(s) dict_keys(['example_dag']) retrieved from /opt/airflow/dags/dummy_dag.py
[2021-04-29 17:53:53,703] {logging_mixin.py:104} INFO - [2021-04-29 17:53:53,703] {dag.py:1818} INFO - Sync 1 DAGs
[2021-04-29 17:53:53,720] {logging_mixin.py:104} INFO - [2021-04-29 17:53:53,720] {dag.py:2273} INFO - Setting next_dagrun for example_dag to 2016-01-01T00:00:00+00:00
[2021-04-29 17:53:53,733] {scheduler_job.py:190} INFO - Processing /opt/airflow/dags/dummy_dag.py took 0.094 seconds
[2021-04-29 17:54:23,821] {scheduler_job.py:182} INFO - Started process (PID=223) to work on /opt/airflow/dags/dummy_dag.py
[2021-04-29 17:54:23,824] {scheduler_job.py:629} INFO - Processing file /opt/airflow/dags/dummy_dag.py for tasks to queue
[2021-04-29 17:54:23,826] {logging_mixin.py:104} INFO - [2021-04-29 17:54:23,826] {dagbag.py:448} INFO - Filling up the DagBag from /opt/airflow/dags/dummy_dag.py
[2021-04-29 17:54:23,848] {scheduler_job.py:639} INFO - DAG(s) dict_keys(['example_dag']) retrieved from /opt/airflow/dags/dummy_dag.py
[2021-04-29 17:54:23,879] {logging_mixin.py:104} INFO - [2021-04-29 17:54:23,879] {dag.py:1818} INFO - Sync 1 DAGs
[2021-04-29 17:54:23,911] {logging_mixin.py:104} INFO - [2021-04-29 17:54:23,911] {dag.py:2273} INFO - Setting next_dagrun for example_dag to 2016-01-01T00:00:00+00:00
[2021-04-29 17:54:23,930] {scheduler_job.py:190} INFO - Processing /opt/airflow/dags/dummy_dag.py took 0.112 seconds
[2021-04-29 17:54:53,979] {scheduler_job.py:182} INFO - Started process (PID=228) to work on /opt/airflow/dags/dummy_dag.py
[2021-04-29 17:54:53,981] {scheduler_job.py:629} INFO - Processing file /opt/airflow/dags/dummy_dag.py for tasks to queue
[2021-04-29 17:54:53,982] {logging_mixin.py:104} INFO - [2021-04-29 17:54:53,982] {dagbag.py:448} INFO - Filling up the DagBag from /opt/airflow/dags/dummy_dag.py
[2021-04-29 17:54:53,996] {scheduler_job.py:639} INFO - DAG(s) dict_keys(['example_dag']) retrieved from /opt/airflow/dags/dummy_dag.py
[2021-04-29 17:54:54,018] {logging_mixin.py:104} INFO - [2021-04-29 17:54:54,017] {dag.py:1818} INFO - Sync 1 DAGs
[2021-04-29 17:54:54,032] {logging_mixin.py:104} INFO - [2021-04-29 17:54:54,032] {dag.py:2273} INFO - Setting next_dagrun for example_dag to 2016-01-01T00:00:00+00:00
[2021-04-29 17:54:54,041] {scheduler_job.py:190} INFO - Processing /opt/airflow/dags/dummy_dag.py took 0.065 seconds
[2021-04-29 17:55:24,184] {scheduler_job.py:182} INFO - Started process (PID=233) to work on /opt/airflow/dags/dummy_dag.py
[2021-04-29 17:55:24,186] {scheduler_job.py:629} INFO - Processing file /opt/airflow/dags/dummy_dag.py for tasks to queue
[2021-04-29 17:55:24,188] {logging_mixin.py:104} INFO - [2021-04-29 17:55:24,187] {dagbag.py:448} INFO - Filling up the DagBag from /opt/airflow/dags/dummy_dag.py
[2021-04-29 17:55:24,203] {scheduler_job.py:639} INFO - DAG(s) dict_keys(['example_dag']) retrieved from /opt/airflow/dags/dummy_dag.py
[2021-04-29 17:55:24,223] {logging_mixin.py:104} INFO - [2021-04-29 17:55:24,223] {dag.py:1818} INFO - Sync 1 DAGs
[2021-04-29 17:55:24,238] {logging_mixin.py:104} INFO - [2021-04-29 17:55:24,238] {dag.py:2273} INFO - Setting next_dagrun for example_dag to 2016-01-01T00:00:00+00:00
[2021-04-29 17:55:24,247] {scheduler_job.py:190} INFO - Processing /opt/airflow/dags/dummy_dag.py took 0.068 seconds
[2021-04-29 17:55:54,336] {scheduler_job.py:182} INFO - Started process (PID=238) to work on /opt/airflow/dags/dummy_dag.py
[2021-04-29 17:55:54,339] {scheduler_job.py:629} INFO - Processing file /opt/airflow/dags/dummy_dag.py for tasks to queue
[2021-04-29 17:55:54,341] {logging_mixin.py:104} INFO - [2021-04-29 17:55:54,341] {dagbag.py:448} INFO - Filling up the DagBag from /opt/airflow/dags/dummy_dag.py
[2021-04-29 17:55:54,362] {scheduler_job.py:639} INFO - DAG(s) dict_keys(['example_dag']) retrieved from /opt/airflow/dags/dummy_dag.py
[2021-04-29 17:55:54,389] {logging_mixin.py:104} INFO - [2021-04-29 17:55:54,389] {dag.py:1818} INFO - Sync 1 DAGs
[2021-04-29 17:55:54,411] {logging_mixin.py:104} INFO - [2021-04-29 17:55:54,411] {dag.py:2273} INFO - Setting next_dagrun for example_dag to 2016-01-01T00:00:00+00:00
[2021-04-29 17:55:54,424] {scheduler_job.py:190} INFO - Processing /opt/airflow/dags/dummy_dag.py took 0.092 seconds
[2021-04-29 17:56:24,517] {scheduler_job.py:182} INFO - Started process (PID=243) to work on /opt/airflow/dags/dummy_dag.py
[2021-04-29 17:56:24,521] {scheduler_job.py:629} INFO - Processing file /opt/airflow/dags/dummy_dag.py for tasks to queue
[2021-04-29 17:56:24,522] {logging_mixin.py:104} INFO - [2021-04-29 17:56:24,522] {dagbag.py:448} INFO - Filling up the DagBag from /opt/airflow/dags/dummy_dag.py
[2021-04-29 17:56:24,538] {scheduler_job.py:639} INFO - DAG(s) dict_keys(['example_dag']) retrieved from /opt/airflow/dags/dummy_dag.py
[2021-04-29 17:56:24,558] {logging_mixin.py:104} INFO - [2021-04-29 17:56:24,558] {dag.py:1818} INFO - Sync 1 DAGs
[2021-04-29 17:56:24,573] {logging_mixin.py:104} INFO - [2021-04-29 17:56:24,572] {dag.py:2273} INFO - Setting next_dagrun for example_dag to 2016-01-01T00:00:00+00:00
[2021-04-29 17:56:24,582] {scheduler_job.py:190} INFO - Processing /opt/airflow/dags/dummy_dag.py took 0.069 seconds
[2021-04-29 17:56:54,719] {scheduler_job.py:182} INFO - Started process (PID=248) to work on /opt/airflow/dags/dummy_dag.py
[2021-04-29 17:56:54,722] {scheduler_job.py:629} INFO - Processing file /opt/airflow/dags/dummy_dag.py for tasks to queue
[2021-04-29 17:56:54,724] {logging_mixin.py:104} INFO - [2021-04-29 17:56:54,724] {dagbag.py:448} INFO - Filling up the DagBag from /opt/airflow/dags/dummy_dag.py
[2021-04-29 17:56:54,740] {scheduler_job.py:639} INFO - DAG(s) dict_keys(['example_dag']) retrieved from /opt/airflow/dags/dummy_dag.py
[2021-04-29 17:56:54,760] {logging_mixin.py:104} INFO - [2021-04-29 17:56:54,760] {dag.py:1818} INFO - Sync 1 DAGs
[2021-04-29 17:56:54,775] {logging_mixin.py:104} INFO - [2021-04-29 17:56:54,775] {dag.py:2273} INFO - Setting next_dagrun for example_dag to 2016-01-01T00:00:00+00:00
[2021-04-29 17:56:54,784] {scheduler_job.py:190} INFO - Processing /opt/airflow/dags/dummy_dag.py took 0.074 seconds
[2021-04-29 17:57:24,932] {scheduler_job.py:182} INFO - Started process (PID=253) to work on /opt/airflow/dags/dummy_dag.py
[2021-04-29 17:57:24,934] {scheduler_job.py:629} INFO - Processing file /opt/airflow/dags/dummy_dag.py for tasks to queue
[2021-04-29 17:57:24,936] {logging_mixin.py:104} INFO - [2021-04-29 17:57:24,936] {dagbag.py:448} INFO - Filling up the DagBag from /opt/airflow/dags/dummy_dag.py
[2021-04-29 17:57:24,952] {scheduler_job.py:639} INFO - DAG(s) dict_keys(['example_dag']) retrieved from /opt/airflow/dags/dummy_dag.py
[2021-04-29 17:57:24,974] {logging_mixin.py:104} INFO - [2021-04-29 17:57:24,974] {dag.py:1818} INFO - Sync 1 DAGs
[2021-04-29 17:57:24,990] {logging_mixin.py:104} INFO - [2021-04-29 17:57:24,990] {dag.py:2273} INFO - Setting next_dagrun for example_dag to 2016-01-01T00:00:00+00:00
[2021-04-29 17:57:24,999] {scheduler_job.py:190} INFO - Processing /opt/airflow/dags/dummy_dag.py took 0.071 seconds
[2021-04-29 17:57:55,128] {scheduler_job.py:182} INFO - Started process (PID=258) to work on /opt/airflow/dags/dummy_dag.py
[2021-04-29 17:57:55,130] {scheduler_job.py:629} INFO - Processing file /opt/airflow/dags/dummy_dag.py for tasks to queue
[2021-04-29 17:57:55,132] {logging_mixin.py:104} INFO - [2021-04-29 17:57:55,132] {dagbag.py:448} INFO - Filling up the DagBag from /opt/airflow/dags/dummy_dag.py
[2021-04-29 17:57:55,147] {scheduler_job.py:639} INFO - DAG(s) dict_keys(['example_dag']) retrieved from /opt/airflow/dags/dummy_dag.py
[2021-04-29 17:57:55,168] {logging_mixin.py:104} INFO - [2021-04-29 17:57:55,168] {dag.py:1818} INFO - Sync 1 DAGs
[2021-04-29 17:57:55,184] {logging_mixin.py:104} INFO - [2021-04-29 17:57:55,184] {dag.py:2273} INFO - Setting next_dagrun for example_dag to 2016-01-01T00:00:00+00:00
[2021-04-29 17:57:55,193] {scheduler_job.py:190} INFO - Processing /opt/airflow/dags/dummy_dag.py took 0.070 seconds
[2021-04-29 17:58:25,286] {scheduler_job.py:182} INFO - Started process (PID=263) to work on /opt/airflow/dags/dummy_dag.py
[2021-04-29 17:58:25,288] {scheduler_job.py:629} INFO - Processing file /opt/airflow/dags/dummy_dag.py for tasks to queue
[2021-04-29 17:58:25,290] {logging_mixin.py:104} INFO - [2021-04-29 17:58:25,289] {dagbag.py:448} INFO - Filling up the DagBag from /opt/airflow/dags/dummy_dag.py
[2021-04-29 17:58:25,305] {scheduler_job.py:639} INFO - DAG(s) dict_keys(['example_dag']) retrieved from /opt/airflow/dags/dummy_dag.py
[2021-04-29 17:58:25,325] {logging_mixin.py:104} INFO - [2021-04-29 17:58:25,325] {dag.py:1818} INFO - Sync 1 DAGs
[2021-04-29 17:58:25,340] {logging_mixin.py:104} INFO - [2021-04-29 17:58:25,340] {dag.py:2273} INFO - Setting next_dagrun for example_dag to 2016-01-01T00:00:00+00:00
[2021-04-29 17:58:25,349] {scheduler_job.py:190} INFO - Processing /opt/airflow/dags/dummy_dag.py took 0.066 seconds
[2021-04-29 17:58:55,454] {scheduler_job.py:182} INFO - Started process (PID=268) to work on /opt/airflow/dags/dummy_dag.py
[2021-04-29 17:58:55,456] {scheduler_job.py:629} INFO - Processing file /opt/airflow/dags/dummy_dag.py for tasks to queue
[2021-04-29 17:58:55,457] {logging_mixin.py:104} INFO - [2021-04-29 17:58:55,457] {dagbag.py:448} INFO - Filling up the DagBag from /opt/airflow/dags/dummy_dag.py
[2021-04-29 17:58:55,475] {scheduler_job.py:639} INFO - DAG(s) dict_keys(['example_dag']) retrieved from /opt/airflow/dags/dummy_dag.py
[2021-04-29 17:58:55,497] {logging_mixin.py:104} INFO - [2021-04-29 17:58:55,497] {dag.py:1818} INFO - Sync 1 DAGs
[2021-04-29 17:58:55,519] {logging_mixin.py:104} INFO - [2021-04-29 17:58:55,519] {dag.py:2273} INFO - Setting next_dagrun for example_dag to 2016-01-01T00:00:00+00:00
[2021-04-29 17:58:55,532] {scheduler_job.py:190} INFO - Processing /opt/airflow/dags/dummy_dag.py took 0.083 seconds
[2021-04-29 17:59:25,618] {scheduler_job.py:182} INFO - Started process (PID=273) to work on /opt/airflow/dags/dummy_dag.py
[2021-04-29 17:59:25,621] {scheduler_job.py:629} INFO - Processing file /opt/airflow/dags/dummy_dag.py for tasks to queue
[2021-04-29 17:59:25,622] {logging_mixin.py:104} INFO - [2021-04-29 17:59:25,622] {dagbag.py:448} INFO - Filling up the DagBag from /opt/airflow/dags/dummy_dag.py
[2021-04-29 17:59:25,637] {scheduler_job.py:639} INFO - DAG(s) dict_keys(['example_dag']) retrieved from /opt/airflow/dags/dummy_dag.py
[2021-04-29 17:59:25,659] {logging_mixin.py:104} INFO - [2021-04-29 17:59:25,659] {dag.py:1818} INFO - Sync 1 DAGs
[2021-04-29 17:59:25,680] {logging_mixin.py:104} INFO - [2021-04-29 17:59:25,679] {dag.py:2273} INFO - Setting next_dagrun for example_dag to 2016-01-01T00:00:00+00:00
[2021-04-29 17:59:25,688] {scheduler_job.py:190} INFO - Processing /opt/airflow/dags/dummy_dag.py took 0.074 seconds
[2021-04-29 17:59:55,798] {scheduler_job.py:182} INFO - Started process (PID=278) to work on /opt/airflow/dags/dummy_dag.py
[2021-04-29 17:59:55,799] {scheduler_job.py:629} INFO - Processing file /opt/airflow/dags/dummy_dag.py for tasks to queue
[2021-04-29 17:59:55,801] {logging_mixin.py:104} INFO - [2021-04-29 17:59:55,801] {dagbag.py:448} INFO - Filling up the DagBag from /opt/airflow/dags/dummy_dag.py
[2021-04-29 17:59:55,816] {scheduler_job.py:639} INFO - DAG(s) dict_keys(['example_dag']) retrieved from /opt/airflow/dags/dummy_dag.py
[2021-04-29 17:59:55,855] {logging_mixin.py:104} INFO - [2021-04-29 17:59:55,854] {dag.py:1818} INFO - Sync 1 DAGs
[2021-04-29 17:59:55,869] {logging_mixin.py:104} INFO - [2021-04-29 17:59:55,868] {dag.py:2273} INFO - Setting next_dagrun for example_dag to 2016-01-01T00:00:00+00:00
[2021-04-29 17:59:55,882] {scheduler_job.py:190} INFO - Processing /opt/airflow/dags/dummy_dag.py took 0.089 seconds
[2021-04-29 18:00:25,973] {scheduler_job.py:182} INFO - Started process (PID=283) to work on /opt/airflow/dags/dummy_dag.py
[2021-04-29 18:00:25,974] {scheduler_job.py:629} INFO - Processing file /opt/airflow/dags/dummy_dag.py for tasks to queue
[2021-04-29 18:00:25,976] {logging_mixin.py:104} INFO - [2021-04-29 18:00:25,976] {dagbag.py:448} INFO - Filling up the DagBag from /opt/airflow/dags/dummy_dag.py
[2021-04-29 18:00:25,996] {scheduler_job.py:639} INFO - DAG(s) dict_keys(['example_dag']) retrieved from /opt/airflow/dags/dummy_dag.py
[2021-04-29 18:00:26,022] {logging_mixin.py:104} INFO - [2021-04-29 18:00:26,022] {dag.py:1818} INFO - Sync 1 DAGs
[2021-04-29 18:00:26,042] {logging_mixin.py:104} INFO - [2021-04-29 18:00:26,042] {dag.py:2273} INFO - Setting next_dagrun for example_dag to 2016-01-01T00:00:00+00:00
[2021-04-29 18:00:26,050] {scheduler_job.py:190} INFO - Processing /opt/airflow/dags/dummy_dag.py took 0.080 seconds
[2021-04-29 18:00:56,161] {scheduler_job.py:182} INFO - Started process (PID=288) to work on /opt/airflow/dags/dummy_dag.py
[2021-04-29 18:00:56,163] {scheduler_job.py:629} INFO - Processing file /opt/airflow/dags/dummy_dag.py for tasks to queue
[2021-04-29 18:00:56,165] {logging_mixin.py:104} INFO - [2021-04-29 18:00:56,165] {dagbag.py:448} INFO - Filling up the DagBag from /opt/airflow/dags/dummy_dag.py
[2021-04-29 18:00:56,181] {scheduler_job.py:639} INFO - DAG(s) dict_keys(['example_dag']) retrieved from /opt/airflow/dags/dummy_dag.py
[2021-04-29 18:00:56,205] {logging_mixin.py:104} INFO - [2021-04-29 18:00:56,205] {dag.py:1818} INFO - Sync 1 DAGs
[2021-04-29 18:00:56,221] {logging_mixin.py:104} INFO - [2021-04-29 18:00:56,220] {dag.py:2273} INFO - Setting next_dagrun for example_dag to 2016-01-01T00:00:00+00:00
[2021-04-29 18:00:56,230] {scheduler_job.py:190} INFO - Processing /opt/airflow/dags/dummy_dag.py took 0.073 seconds
[2021-04-29 18:01:26,332] {scheduler_job.py:182} INFO - Started process (PID=293) to work on /opt/airflow/dags/dummy_dag.py
[2021-04-29 18:01:26,334] {scheduler_job.py:629} INFO - Processing file /opt/airflow/dags/dummy_dag.py for tasks to queue
[2021-04-29 18:01:26,336] {logging_mixin.py:104} INFO - [2021-04-29 18:01:26,336] {dagbag.py:448} INFO - Filling up the DagBag from /opt/airflow/dags/dummy_dag.py
[2021-04-29 18:01:26,359] {scheduler_job.py:639} INFO - DAG(s) dict_keys(['example_dag']) retrieved from /opt/airflow/dags/dummy_dag.py
[2021-04-29 18:01:26,388] {logging_mixin.py:104} INFO - [2021-04-29 18:01:26,388] {dag.py:1818} INFO - Sync 1 DAGs
[2021-04-29 18:01:26,410] {logging_mixin.py:104} INFO - [2021-04-29 18:01:26,410] {dag.py:2273} INFO - Setting next_dagrun for example_dag to 2016-01-01T00:00:00+00:00
[2021-04-29 18:01:26,426] {scheduler_job.py:190} INFO - Processing /opt/airflow/dags/dummy_dag.py took 0.098 seconds
[2021-04-29 18:01:56,496] {scheduler_job.py:182} INFO - Started process (PID=298) to work on /opt/airflow/dags/dummy_dag.py
[2021-04-29 18:01:56,501] {scheduler_job.py:629} INFO - Processing file /opt/airflow/dags/dummy_dag.py for tasks to queue
[2021-04-29 18:01:56,504] {logging_mixin.py:104} INFO - [2021-04-29 18:01:56,504] {dagbag.py:448} INFO - Filling up the DagBag from /opt/airflow/dags/dummy_dag.py
[2021-04-29 18:01:56,550] {scheduler_job.py:639} INFO - DAG(s) dict_keys(['example_dag']) retrieved from /opt/airflow/dags/dummy_dag.py
[2021-04-29 18:01:56,589] {logging_mixin.py:104} INFO - [2021-04-29 18:01:56,589] {dag.py:1818} INFO - Sync 1 DAGs
[2021-04-29 18:01:56,617] {logging_mixin.py:104} INFO - [2021-04-29 18:01:56,617] {dag.py:2273} INFO - Setting next_dagrun for example_dag to 2016-01-01T00:00:00+00:00
[2021-04-29 18:01:56,632] {scheduler_job.py:190} INFO - Processing /opt/airflow/dags/dummy_dag.py took 0.144 seconds
[2021-04-29 18:02:26,672] {scheduler_job.py:182} INFO - Started process (PID=303) to work on /opt/airflow/dags/dummy_dag.py
[2021-04-29 18:02:26,674] {scheduler_job.py:629} INFO - Processing file /opt/airflow/dags/dummy_dag.py for tasks to queue
[2021-04-29 18:02:26,676] {logging_mixin.py:104} INFO - [2021-04-29 18:02:26,676] {dagbag.py:448} INFO - Filling up the DagBag from /opt/airflow/dags/dummy_dag.py
[2021-04-29 18:02:26,696] {scheduler_job.py:639} INFO - DAG(s) dict_keys(['example_dag']) retrieved from /opt/airflow/dags/dummy_dag.py
[2021-04-29 18:02:26,721] {logging_mixin.py:104} INFO - [2021-04-29 18:02:26,721] {dag.py:1818} INFO - Sync 1 DAGs
[2021-04-29 18:02:26,743] {logging_mixin.py:104} INFO - [2021-04-29 18:02:26,742] {dag.py:2273} INFO - Setting next_dagrun for example_dag to 2016-01-01T00:00:00+00:00
[2021-04-29 18:02:26,754] {scheduler_job.py:190} INFO - Processing /opt/airflow/dags/dummy_dag.py took 0.086 seconds
[2021-04-29 18:02:56,862] {scheduler_job.py:182} INFO - Started process (PID=308) to work on /opt/airflow/dags/dummy_dag.py
[2021-04-29 18:02:56,864] {scheduler_job.py:629} INFO - Processing file /opt/airflow/dags/dummy_dag.py for tasks to queue
[2021-04-29 18:02:56,866] {logging_mixin.py:104} INFO - [2021-04-29 18:02:56,866] {dagbag.py:448} INFO - Filling up the DagBag from /opt/airflow/dags/dummy_dag.py
[2021-04-29 18:02:56,885] {scheduler_job.py:639} INFO - DAG(s) dict_keys(['example_dag']) retrieved from /opt/airflow/dags/dummy_dag.py
[2021-04-29 18:02:56,910] {logging_mixin.py:104} INFO - [2021-04-29 18:02:56,910] {dag.py:1818} INFO - Sync 1 DAGs
[2021-04-29 18:02:56,933] {logging_mixin.py:104} INFO - [2021-04-29 18:02:56,932] {dag.py:2273} INFO - Setting next_dagrun for example_dag to 2016-01-01T00:00:00+00:00
[2021-04-29 18:02:56,944] {scheduler_job.py:190} INFO - Processing /opt/airflow/dags/dummy_dag.py took 0.089 seconds
[2021-04-29 18:03:27,034] {scheduler_job.py:182} INFO - Started process (PID=313) to work on /opt/airflow/dags/dummy_dag.py
[2021-04-29 18:03:27,036] {scheduler_job.py:629} INFO - Processing file /opt/airflow/dags/dummy_dag.py for tasks to queue
[2021-04-29 18:03:27,037] {logging_mixin.py:104} INFO - [2021-04-29 18:03:27,037] {dagbag.py:448} INFO - Filling up the DagBag from /opt/airflow/dags/dummy_dag.py
[2021-04-29 18:03:27,052] {scheduler_job.py:639} INFO - DAG(s) dict_keys(['example_dag']) retrieved from /opt/airflow/dags/dummy_dag.py
[2021-04-29 18:03:27,073] {logging_mixin.py:104} INFO - [2021-04-29 18:03:27,073] {dag.py:1818} INFO - Sync 1 DAGs
[2021-04-29 18:03:27,093] {logging_mixin.py:104} INFO - [2021-04-29 18:03:27,093] {dag.py:2273} INFO - Setting next_dagrun for example_dag to 2016-01-01T00:00:00+00:00
[2021-04-29 18:03:27,106] {scheduler_job.py:190} INFO - Processing /opt/airflow/dags/dummy_dag.py took 0.075 seconds
[2021-04-29 18:03:57,201] {scheduler_job.py:182} INFO - Started process (PID=318) to work on /opt/airflow/dags/dummy_dag.py
[2021-04-29 18:03:57,203] {scheduler_job.py:629} INFO - Processing file /opt/airflow/dags/dummy_dag.py for tasks to queue
[2021-04-29 18:03:57,205] {logging_mixin.py:104} INFO - [2021-04-29 18:03:57,205] {dagbag.py:448} INFO - Filling up the DagBag from /opt/airflow/dags/dummy_dag.py
[2021-04-29 18:03:57,224] {scheduler_job.py:639} INFO - DAG(s) dict_keys(['example_dag']) retrieved from /opt/airflow/dags/dummy_dag.py
[2021-04-29 18:03:57,249] {logging_mixin.py:104} INFO - [2021-04-29 18:03:57,249] {dag.py:1818} INFO - Sync 1 DAGs
[2021-04-29 18:03:57,267] {logging_mixin.py:104} INFO - [2021-04-29 18:03:57,267] {dag.py:2273} INFO - Setting next_dagrun for example_dag to 2016-01-01T00:00:00+00:00
[2021-04-29 18:03:57,279] {scheduler_job.py:190} INFO - Processing /opt/airflow/dags/dummy_dag.py took 0.081 seconds
[2021-04-29 18:04:27,423] {scheduler_job.py:182} INFO - Started process (PID=323) to work on /opt/airflow/dags/dummy_dag.py
[2021-04-29 18:04:27,425] {scheduler_job.py:629} INFO - Processing file /opt/airflow/dags/dummy_dag.py for tasks to queue
[2021-04-29 18:04:27,426] {logging_mixin.py:104} INFO - [2021-04-29 18:04:27,426] {dagbag.py:448} INFO - Filling up the DagBag from /opt/airflow/dags/dummy_dag.py
[2021-04-29 18:04:27,442] {scheduler_job.py:639} INFO - DAG(s) dict_keys(['example_dag']) retrieved from /opt/airflow/dags/dummy_dag.py
[2021-04-29 18:04:27,463] {logging_mixin.py:104} INFO - [2021-04-29 18:04:27,463] {dag.py:1818} INFO - Sync 1 DAGs
[2021-04-29 18:04:27,478] {logging_mixin.py:104} INFO - [2021-04-29 18:04:27,478] {dag.py:2273} INFO - Setting next_dagrun for example_dag to 2016-01-01T00:00:00+00:00
[2021-04-29 18:04:27,487] {scheduler_job.py:190} INFO - Processing /opt/airflow/dags/dummy_dag.py took 0.067 seconds
[2021-04-29 18:04:57,606] {scheduler_job.py:182} INFO - Started process (PID=328) to work on /opt/airflow/dags/dummy_dag.py
[2021-04-29 18:04:57,608] {scheduler_job.py:629} INFO - Processing file /opt/airflow/dags/dummy_dag.py for tasks to queue
[2021-04-29 18:04:57,611] {logging_mixin.py:104} INFO - [2021-04-29 18:04:57,610] {dagbag.py:448} INFO - Filling up the DagBag from /opt/airflow/dags/dummy_dag.py
[2021-04-29 18:04:57,629] {scheduler_job.py:639} INFO - DAG(s) dict_keys(['example_dag']) retrieved from /opt/airflow/dags/dummy_dag.py
[2021-04-29 18:04:57,655] {logging_mixin.py:104} INFO - [2021-04-29 18:04:57,655] {dag.py:1818} INFO - Sync 1 DAGs
[2021-04-29 18:04:57,676] {logging_mixin.py:104} INFO - [2021-04-29 18:04:57,676] {dag.py:2273} INFO - Setting next_dagrun for example_dag to 2016-01-01T00:00:00+00:00
[2021-04-29 18:04:57,688] {scheduler_job.py:190} INFO - Processing /opt/airflow/dags/dummy_dag.py took 0.086 seconds
[2021-04-29 18:07:00,776] {scheduler_job.py:182} INFO - Started process (PID=159) to work on /opt/airflow/dags/dummy_dag.py
[2021-04-29 18:07:00,780] {scheduler_job.py:629} INFO - Processing file /opt/airflow/dags/dummy_dag.py for tasks to queue
[2021-04-29 18:07:00,782] {logging_mixin.py:104} INFO - [2021-04-29 18:07:00,781] {dagbag.py:448} INFO - Filling up the DagBag from /opt/airflow/dags/dummy_dag.py
[2021-04-29 18:07:00,802] {scheduler_job.py:639} INFO - DAG(s) dict_keys(['example_dag']) retrieved from /opt/airflow/dags/dummy_dag.py
[2021-04-29 18:07:00,825] {logging_mixin.py:104} INFO - [2021-04-29 18:07:00,825] {dag.py:1818} INFO - Sync 1 DAGs
[2021-04-29 18:07:00,844] {logging_mixin.py:104} INFO - [2021-04-29 18:07:00,844] {dag.py:2273} INFO - Setting next_dagrun for example_dag to 2016-01-01T00:00:00+00:00
[2021-04-29 18:07:00,853] {scheduler_job.py:190} INFO - Processing /opt/airflow/dags/dummy_dag.py took 0.081 seconds
[2021-04-29 18:07:30,912] {scheduler_job.py:182} INFO - Started process (PID=164) to work on /opt/airflow/dags/dummy_dag.py
[2021-04-29 18:07:30,915] {scheduler_job.py:629} INFO - Processing file /opt/airflow/dags/dummy_dag.py for tasks to queue
[2021-04-29 18:07:30,918] {logging_mixin.py:104} INFO - [2021-04-29 18:07:30,917] {dagbag.py:448} INFO - Filling up the DagBag from /opt/airflow/dags/dummy_dag.py
[2021-04-29 18:07:30,946] {scheduler_job.py:639} INFO - DAG(s) dict_keys(['example_dag']) retrieved from /opt/airflow/dags/dummy_dag.py
[2021-04-29 18:07:30,966] {logging_mixin.py:104} INFO - [2021-04-29 18:07:30,966] {dag.py:1818} INFO - Sync 1 DAGs
[2021-04-29 18:07:30,982] {logging_mixin.py:104} INFO - [2021-04-29 18:07:30,982] {dag.py:2273} INFO - Setting next_dagrun for example_dag to 2016-01-01T00:00:00+00:00
[2021-04-29 18:07:30,991] {scheduler_job.py:190} INFO - Processing /opt/airflow/dags/dummy_dag.py took 0.088 seconds
[2021-04-29 18:08:01,159] {scheduler_job.py:182} INFO - Started process (PID=169) to work on /opt/airflow/dags/dummy_dag.py
[2021-04-29 18:08:01,161] {scheduler_job.py:629} INFO - Processing file /opt/airflow/dags/dummy_dag.py for tasks to queue
[2021-04-29 18:08:01,162] {logging_mixin.py:104} INFO - [2021-04-29 18:08:01,162] {dagbag.py:448} INFO - Filling up the DagBag from /opt/airflow/dags/dummy_dag.py
[2021-04-29 18:08:01,177] {scheduler_job.py:639} INFO - DAG(s) dict_keys(['example_dag']) retrieved from /opt/airflow/dags/dummy_dag.py
[2021-04-29 18:08:01,199] {logging_mixin.py:104} INFO - [2021-04-29 18:08:01,199] {dag.py:1818} INFO - Sync 1 DAGs
[2021-04-29 18:08:01,214] {logging_mixin.py:104} INFO - [2021-04-29 18:08:01,213] {dag.py:2273} INFO - Setting next_dagrun for example_dag to 2016-01-01T00:00:00+00:00
[2021-04-29 18:08:01,227] {scheduler_job.py:190} INFO - Processing /opt/airflow/dags/dummy_dag.py took 0.070 seconds
[2021-04-29 18:08:31,383] {scheduler_job.py:182} INFO - Started process (PID=174) to work on /opt/airflow/dags/dummy_dag.py
[2021-04-29 18:08:31,385] {scheduler_job.py:629} INFO - Processing file /opt/airflow/dags/dummy_dag.py for tasks to queue
[2021-04-29 18:08:31,387] {logging_mixin.py:104} INFO - [2021-04-29 18:08:31,387] {dagbag.py:448} INFO - Filling up the DagBag from /opt/airflow/dags/dummy_dag.py
[2021-04-29 18:08:31,406] {scheduler_job.py:639} INFO - DAG(s) dict_keys(['example_dag']) retrieved from /opt/airflow/dags/dummy_dag.py
[2021-04-29 18:08:31,434] {logging_mixin.py:104} INFO - [2021-04-29 18:08:31,434] {dag.py:1818} INFO - Sync 1 DAGs
[2021-04-29 18:08:31,453] {logging_mixin.py:104} INFO - [2021-04-29 18:08:31,453] {dag.py:2273} INFO - Setting next_dagrun for example_dag to 2016-01-01T00:00:00+00:00
[2021-04-29 18:08:31,463] {scheduler_job.py:190} INFO - Processing /opt/airflow/dags/dummy_dag.py took 0.083 seconds
[2021-04-29 18:09:01,548] {scheduler_job.py:182} INFO - Started process (PID=179) to work on /opt/airflow/dags/dummy_dag.py
[2021-04-29 18:09:01,550] {scheduler_job.py:629} INFO - Processing file /opt/airflow/dags/dummy_dag.py for tasks to queue
[2021-04-29 18:09:01,551] {logging_mixin.py:104} INFO - [2021-04-29 18:09:01,551] {dagbag.py:448} INFO - Filling up the DagBag from /opt/airflow/dags/dummy_dag.py
[2021-04-29 18:09:01,567] {scheduler_job.py:639} INFO - DAG(s) dict_keys(['example_dag']) retrieved from /opt/airflow/dags/dummy_dag.py
[2021-04-29 18:09:01,591] {logging_mixin.py:104} INFO - [2021-04-29 18:09:01,590] {dag.py:1818} INFO - Sync 1 DAGs
[2021-04-29 18:09:01,606] {logging_mixin.py:104} INFO - [2021-04-29 18:09:01,605] {dag.py:2273} INFO - Setting next_dagrun for example_dag to 2016-01-01T00:00:00+00:00
[2021-04-29 18:09:01,615] {scheduler_job.py:190} INFO - Processing /opt/airflow/dags/dummy_dag.py took 0.070 seconds
[2021-04-29 18:09:31,801] {scheduler_job.py:182} INFO - Started process (PID=184) to work on /opt/airflow/dags/dummy_dag.py
[2021-04-29 18:09:31,803] {scheduler_job.py:629} INFO - Processing file /opt/airflow/dags/dummy_dag.py for tasks to queue
[2021-04-29 18:09:31,804] {logging_mixin.py:104} INFO - [2021-04-29 18:09:31,804] {dagbag.py:448} INFO - Filling up the DagBag from /opt/airflow/dags/dummy_dag.py
[2021-04-29 18:09:31,818] {scheduler_job.py:639} INFO - DAG(s) dict_keys(['example_dag']) retrieved from /opt/airflow/dags/dummy_dag.py
[2021-04-29 18:09:31,841] {logging_mixin.py:104} INFO - [2021-04-29 18:09:31,840] {dag.py:1818} INFO - Sync 1 DAGs
[2021-04-29 18:09:31,856] {logging_mixin.py:104} INFO - [2021-04-29 18:09:31,856] {dag.py:2273} INFO - Setting next_dagrun for example_dag to 2016-01-01T00:00:00+00:00
[2021-04-29 18:09:31,864] {scheduler_job.py:190} INFO - Processing /opt/airflow/dags/dummy_dag.py took 0.067 seconds
[2021-04-29 18:10:02,006] {scheduler_job.py:182} INFO - Started process (PID=189) to work on /opt/airflow/dags/dummy_dag.py
[2021-04-29 18:10:02,008] {scheduler_job.py:629} INFO - Processing file /opt/airflow/dags/dummy_dag.py for tasks to queue
[2021-04-29 18:10:02,010] {logging_mixin.py:104} INFO - [2021-04-29 18:10:02,010] {dagbag.py:448} INFO - Filling up the DagBag from /opt/airflow/dags/dummy_dag.py
[2021-04-29 18:10:02,030] {scheduler_job.py:639} INFO - DAG(s) dict_keys(['example_dag']) retrieved from /opt/airflow/dags/dummy_dag.py
[2021-04-29 18:10:02,056] {logging_mixin.py:104} INFO - [2021-04-29 18:10:02,056] {dag.py:1818} INFO - Sync 1 DAGs
[2021-04-29 18:10:02,073] {logging_mixin.py:104} INFO - [2021-04-29 18:10:02,072] {dag.py:2273} INFO - Setting next_dagrun for example_dag to 2016-01-01T00:00:00+00:00
[2021-04-29 18:10:02,081] {scheduler_job.py:190} INFO - Processing /opt/airflow/dags/dummy_dag.py took 0.077 seconds
[2021-04-29 18:10:32,225] {scheduler_job.py:182} INFO - Started process (PID=194) to work on /opt/airflow/dags/dummy_dag.py
[2021-04-29 18:10:32,226] {scheduler_job.py:629} INFO - Processing file /opt/airflow/dags/dummy_dag.py for tasks to queue
[2021-04-29 18:10:32,228] {logging_mixin.py:104} INFO - [2021-04-29 18:10:32,228] {dagbag.py:448} INFO - Filling up the DagBag from /opt/airflow/dags/dummy_dag.py
[2021-04-29 18:10:32,246] {scheduler_job.py:639} INFO - DAG(s) dict_keys(['example_dag']) retrieved from /opt/airflow/dags/dummy_dag.py
[2021-04-29 18:10:32,269] {logging_mixin.py:104} INFO - [2021-04-29 18:10:32,269] {dag.py:1818} INFO - Sync 1 DAGs
[2021-04-29 18:10:32,285] {logging_mixin.py:104} INFO - [2021-04-29 18:10:32,285] {dag.py:2273} INFO - Setting next_dagrun for example_dag to 2016-01-01T00:00:00+00:00
[2021-04-29 18:10:32,310] {scheduler_job.py:190} INFO - Processing /opt/airflow/dags/dummy_dag.py took 0.088 seconds
[2021-04-29 18:10:51,756] {scheduler_job.py:182} INFO - Started process (PID=160) to work on /opt/airflow/dags/dummy_dag.py
[2021-04-29 18:10:51,759] {scheduler_job.py:629} INFO - Processing file /opt/airflow/dags/dummy_dag.py for tasks to queue
[2021-04-29 18:10:51,760] {logging_mixin.py:104} INFO - [2021-04-29 18:10:51,760] {dagbag.py:448} INFO - Filling up the DagBag from /opt/airflow/dags/dummy_dag.py
[2021-04-29 18:10:51,779] {scheduler_job.py:639} INFO - DAG(s) dict_keys(['example_dag']) retrieved from /opt/airflow/dags/dummy_dag.py
[2021-04-29 18:10:51,798] {logging_mixin.py:104} INFO - [2021-04-29 18:10:51,798] {dag.py:1818} INFO - Sync 1 DAGs
[2021-04-29 18:10:51,817] {logging_mixin.py:104} INFO - [2021-04-29 18:10:51,817] {dag.py:2273} INFO - Setting next_dagrun for example_dag to 2016-01-01T00:00:00+00:00
[2021-04-29 18:10:51,829] {scheduler_job.py:190} INFO - Processing /opt/airflow/dags/dummy_dag.py took 0.077 seconds
[2021-04-29 18:11:21,945] {scheduler_job.py:182} INFO - Started process (PID=165) to work on /opt/airflow/dags/dummy_dag.py
[2021-04-29 18:11:21,947] {scheduler_job.py:629} INFO - Processing file /opt/airflow/dags/dummy_dag.py for tasks to queue
[2021-04-29 18:11:21,948] {logging_mixin.py:104} INFO - [2021-04-29 18:11:21,948] {dagbag.py:448} INFO - Filling up the DagBag from /opt/airflow/dags/dummy_dag.py
[2021-04-29 18:11:21,963] {scheduler_job.py:639} INFO - DAG(s) dict_keys(['example_dag']) retrieved from /opt/airflow/dags/dummy_dag.py
[2021-04-29 18:11:21,982] {logging_mixin.py:104} INFO - [2021-04-29 18:11:21,982] {dag.py:1818} INFO - Sync 1 DAGs
[2021-04-29 18:11:21,999] {logging_mixin.py:104} INFO - [2021-04-29 18:11:21,999] {dag.py:2273} INFO - Setting next_dagrun for example_dag to 2016-01-01T00:00:00+00:00
[2021-04-29 18:11:22,007] {scheduler_job.py:190} INFO - Processing /opt/airflow/dags/dummy_dag.py took 0.065 seconds
[2021-04-29 18:11:52,090] {scheduler_job.py:182} INFO - Started process (PID=170) to work on /opt/airflow/dags/dummy_dag.py
[2021-04-29 18:11:52,092] {scheduler_job.py:629} INFO - Processing file /opt/airflow/dags/dummy_dag.py for tasks to queue
[2021-04-29 18:11:52,093] {logging_mixin.py:104} INFO - [2021-04-29 18:11:52,093] {dagbag.py:448} INFO - Filling up the DagBag from /opt/airflow/dags/dummy_dag.py
[2021-04-29 18:11:52,119] {scheduler_job.py:639} INFO - DAG(s) dict_keys(['example_dag']) retrieved from /opt/airflow/dags/dummy_dag.py
[2021-04-29 18:11:52,144] {logging_mixin.py:104} INFO - [2021-04-29 18:11:52,144] {dag.py:1818} INFO - Sync 1 DAGs
[2021-04-29 18:11:52,160] {logging_mixin.py:104} INFO - [2021-04-29 18:11:52,159] {dag.py:2273} INFO - Setting next_dagrun for example_dag to 2016-01-01T00:00:00+00:00
[2021-04-29 18:11:52,168] {scheduler_job.py:190} INFO - Processing /opt/airflow/dags/dummy_dag.py took 0.081 seconds
[2021-04-29 18:12:22,312] {scheduler_job.py:182} INFO - Started process (PID=175) to work on /opt/airflow/dags/dummy_dag.py
[2021-04-29 18:12:22,314] {scheduler_job.py:629} INFO - Processing file /opt/airflow/dags/dummy_dag.py for tasks to queue
[2021-04-29 18:12:22,316] {logging_mixin.py:104} INFO - [2021-04-29 18:12:22,316] {dagbag.py:448} INFO - Filling up the DagBag from /opt/airflow/dags/dummy_dag.py
[2021-04-29 18:12:22,331] {scheduler_job.py:639} INFO - DAG(s) dict_keys(['example_dag']) retrieved from /opt/airflow/dags/dummy_dag.py
[2021-04-29 18:12:22,353] {logging_mixin.py:104} INFO - [2021-04-29 18:12:22,353] {dag.py:1818} INFO - Sync 1 DAGs
[2021-04-29 18:12:22,367] {logging_mixin.py:104} INFO - [2021-04-29 18:12:22,367] {dag.py:2273} INFO - Setting next_dagrun for example_dag to 2016-01-01T00:00:00+00:00
[2021-04-29 18:12:22,376] {scheduler_job.py:190} INFO - Processing /opt/airflow/dags/dummy_dag.py took 0.067 seconds
[2021-04-29 18:12:52,501] {scheduler_job.py:182} INFO - Started process (PID=180) to work on /opt/airflow/dags/dummy_dag.py
[2021-04-29 18:12:52,503] {scheduler_job.py:629} INFO - Processing file /opt/airflow/dags/dummy_dag.py for tasks to queue
[2021-04-29 18:12:52,505] {logging_mixin.py:104} INFO - [2021-04-29 18:12:52,505] {dagbag.py:448} INFO - Filling up the DagBag from /opt/airflow/dags/dummy_dag.py
[2021-04-29 18:12:52,536] {scheduler_job.py:639} INFO - DAG(s) dict_keys(['example_dag']) retrieved from /opt/airflow/dags/dummy_dag.py
[2021-04-29 18:12:52,558] {logging_mixin.py:104} INFO - [2021-04-29 18:12:52,558] {dag.py:1818} INFO - Sync 1 DAGs
[2021-04-29 18:12:52,575] {logging_mixin.py:104} INFO - [2021-04-29 18:12:52,575] {dag.py:2273} INFO - Setting next_dagrun for example_dag to 2016-01-01T00:00:00+00:00
[2021-04-29 18:12:52,584] {scheduler_job.py:190} INFO - Processing /opt/airflow/dags/dummy_dag.py took 0.087 seconds
[2021-04-29 18:13:22,691] {scheduler_job.py:182} INFO - Started process (PID=185) to work on /opt/airflow/dags/dummy_dag.py
[2021-04-29 18:13:22,693] {scheduler_job.py:629} INFO - Processing file /opt/airflow/dags/dummy_dag.py for tasks to queue
[2021-04-29 18:13:22,695] {logging_mixin.py:104} INFO - [2021-04-29 18:13:22,695] {dagbag.py:448} INFO - Filling up the DagBag from /opt/airflow/dags/dummy_dag.py
[2021-04-29 18:13:22,716] {scheduler_job.py:639} INFO - DAG(s) dict_keys(['example_dag']) retrieved from /opt/airflow/dags/dummy_dag.py
[2021-04-29 18:13:22,767] {logging_mixin.py:104} INFO - [2021-04-29 18:13:22,767] {dag.py:1818} INFO - Sync 1 DAGs
[2021-04-29 18:13:22,805] {logging_mixin.py:104} INFO - [2021-04-29 18:13:22,805] {dag.py:2273} INFO - Setting next_dagrun for example_dag to 2016-01-01T00:00:00+00:00
[2021-04-29 18:13:22,825] {scheduler_job.py:190} INFO - Processing /opt/airflow/dags/dummy_dag.py took 0.137 seconds
[2021-04-29 18:13:37,724] {scheduler_job.py:182} INFO - Started process (PID=159) to work on /opt/airflow/dags/dummy_dag.py
[2021-04-29 18:13:37,727] {scheduler_job.py:629} INFO - Processing file /opt/airflow/dags/dummy_dag.py for tasks to queue
[2021-04-29 18:13:37,729] {logging_mixin.py:104} INFO - [2021-04-29 18:13:37,729] {dagbag.py:448} INFO - Filling up the DagBag from /opt/airflow/dags/dummy_dag.py
[2021-04-29 18:13:37,754] {scheduler_job.py:639} INFO - DAG(s) dict_keys(['example_dag']) retrieved from /opt/airflow/dags/dummy_dag.py
[2021-04-29 18:13:37,777] {logging_mixin.py:104} INFO - [2021-04-29 18:13:37,777] {dag.py:1818} INFO - Sync 1 DAGs
[2021-04-29 18:13:37,799] {logging_mixin.py:104} INFO - [2021-04-29 18:13:37,799] {dag.py:2273} INFO - Setting next_dagrun for example_dag to 2016-01-01T00:00:00+00:00
[2021-04-29 18:13:37,812] {scheduler_job.py:190} INFO - Processing /opt/airflow/dags/dummy_dag.py took 0.092 seconds
[2021-04-29 18:14:07,864] {scheduler_job.py:182} INFO - Started process (PID=164) to work on /opt/airflow/dags/dummy_dag.py
[2021-04-29 18:14:07,866] {scheduler_job.py:629} INFO - Processing file /opt/airflow/dags/dummy_dag.py for tasks to queue
[2021-04-29 18:14:07,868] {logging_mixin.py:104} INFO - [2021-04-29 18:14:07,867] {dagbag.py:448} INFO - Filling up the DagBag from /opt/airflow/dags/dummy_dag.py
[2021-04-29 18:14:07,883] {scheduler_job.py:639} INFO - DAG(s) dict_keys(['example_dag']) retrieved from /opt/airflow/dags/dummy_dag.py
[2021-04-29 18:14:07,903] {logging_mixin.py:104} INFO - [2021-04-29 18:14:07,903] {dag.py:1818} INFO - Sync 1 DAGs
[2021-04-29 18:14:07,919] {logging_mixin.py:104} INFO - [2021-04-29 18:14:07,919] {dag.py:2273} INFO - Setting next_dagrun for example_dag to 2016-01-01T00:00:00+00:00
[2021-04-29 18:14:07,927] {scheduler_job.py:190} INFO - Processing /opt/airflow/dags/dummy_dag.py took 0.066 seconds
[2021-04-29 18:14:38,058] {scheduler_job.py:182} INFO - Started process (PID=169) to work on /opt/airflow/dags/dummy_dag.py
[2021-04-29 18:14:38,061] {scheduler_job.py:629} INFO - Processing file /opt/airflow/dags/dummy_dag.py for tasks to queue
[2021-04-29 18:14:38,062] {logging_mixin.py:104} INFO - [2021-04-29 18:14:38,062] {dagbag.py:448} INFO - Filling up the DagBag from /opt/airflow/dags/dummy_dag.py
[2021-04-29 18:14:38,084] {scheduler_job.py:639} INFO - DAG(s) dict_keys(['example_dag']) retrieved from /opt/airflow/dags/dummy_dag.py
[2021-04-29 18:14:38,110] {logging_mixin.py:104} INFO - [2021-04-29 18:14:38,110] {dag.py:1818} INFO - Sync 1 DAGs
[2021-04-29 18:14:38,128] {logging_mixin.py:104} INFO - [2021-04-29 18:14:38,128] {dag.py:2273} INFO - Setting next_dagrun for example_dag to 2016-01-01T00:00:00+00:00
[2021-04-29 18:14:38,141] {scheduler_job.py:190} INFO - Processing /opt/airflow/dags/dummy_dag.py took 0.086 seconds
[2021-04-29 18:17:19,917] {scheduler_job.py:182} INFO - Started process (PID=159) to work on /opt/airflow/dags/dummy_dag.py
[2021-04-29 18:17:19,919] {scheduler_job.py:629} INFO - Processing file /opt/airflow/dags/dummy_dag.py for tasks to queue
[2021-04-29 18:17:19,921] {logging_mixin.py:104} INFO - [2021-04-29 18:17:19,921] {dagbag.py:448} INFO - Filling up the DagBag from /opt/airflow/dags/dummy_dag.py
[2021-04-29 18:17:19,940] {scheduler_job.py:639} INFO - DAG(s) dict_keys(['example_dag']) retrieved from /opt/airflow/dags/dummy_dag.py
[2021-04-29 18:17:19,959] {logging_mixin.py:104} INFO - [2021-04-29 18:17:19,959] {dag.py:1818} INFO - Sync 1 DAGs
[2021-04-29 18:17:19,973] {logging_mixin.py:104} INFO - [2021-04-29 18:17:19,973] {dag.py:2273} INFO - Setting next_dagrun for example_dag to 2016-01-01T00:00:00+00:00
[2021-04-29 18:17:19,982] {scheduler_job.py:190} INFO - Processing /opt/airflow/dags/dummy_dag.py took 0.068 seconds
[2021-04-29 18:17:50,020] {scheduler_job.py:182} INFO - Started process (PID=164) to work on /opt/airflow/dags/dummy_dag.py
[2021-04-29 18:17:50,022] {scheduler_job.py:629} INFO - Processing file /opt/airflow/dags/dummy_dag.py for tasks to queue
[2021-04-29 18:17:50,024] {logging_mixin.py:104} INFO - [2021-04-29 18:17:50,023] {dagbag.py:448} INFO - Filling up the DagBag from /opt/airflow/dags/dummy_dag.py
[2021-04-29 18:17:50,042] {scheduler_job.py:639} INFO - DAG(s) dict_keys(['example_dag']) retrieved from /opt/airflow/dags/dummy_dag.py
[2021-04-29 18:17:50,061] {logging_mixin.py:104} INFO - [2021-04-29 18:17:50,060] {dag.py:1818} INFO - Sync 1 DAGs
[2021-04-29 18:17:50,077] {logging_mixin.py:104} INFO - [2021-04-29 18:17:50,077] {dag.py:2273} INFO - Setting next_dagrun for example_dag to 2016-01-01T00:00:00+00:00
[2021-04-29 18:17:50,085] {scheduler_job.py:190} INFO - Processing /opt/airflow/dags/dummy_dag.py took 0.069 seconds
